<?xml version="1.0" encoding="UTF-8"?>
<!-- Generated by org.testng.reporters.JUnitXMLReporter -->
<testsuite ignored="0" hostname="LAPTOP-5E08MPST" failures="1" tests="2" name="ErrorValidations Test" time="20.606" errors="0" timestamp="2022-12-13T18:47:34 IST">
  <testcase classname="seleniumtutorial.ErrorValidations" name="ShoppingApps" time="9.073">
    <skipped/>
  </testcase> <!-- ShoppingApps -->
  <testcase classname="seleniumtutorial.ErrorValidations" name="ShoppingApps" time="11.507">
    <failure type="java.lang.AssertionError" message="expected [Incorrect email or password.] but found [Incorrect email password.]">
      <![CDATA[java.lang.AssertionError: expected [Incorrect email or password.] but found [Incorrect email password.]
at seleniumtutorial.ErrorValidations.ShoppingApps(ErrorValidations.java:39)
at java.base/java.util.ArrayList.forEach(ArrayList.java:1511)
... Removed 33 stack frames]]>
    </failure>
  </testcase> <!-- ShoppingApps -->
</testsuite> <!-- ErrorValidations Test -->
